# JRE version: OpenJDK Runtime Environment Homebrew (11.0.25) (build 11.0.25+0)
# Java VM: OpenJDK 64-Bit Server VM Homebrew (11.0.25+0, mixed mode, tiered, compressed oops, g1 gc, bsd-aarch64)
Heap:
 garbage-first heap   total 315392K, used 75989K [0x00000006c0000000, 0x00000007c0000000)
  region size 1024K, 69 young (70656K), 9 survivors (9216K)
 Metaspace       used 44795K, capacity 45865K, committed 46064K, reserved 1089536K
  class space    used 5159K, capacity 5629K, committed 5632K, reserved 1048576K
GC Heap History (10 events):
Event: 0.271 GC heap before
{Heap before GC invocations=0 (full 0):
 garbage-first heap   total 262144K, used 23552K [0x00000006c0000000, 0x00000007c0000000)
  region size 1024K, 24 young (24576K), 0 survivors (0K)
 Metaspace       used 10543K, capacity 10717K, committed 10880K, reserved 1058816K
  class space    used 976K, capacity 1047K, committed 1152K, reserved 1048576K
}
Event: 0.274 GC heap after
{Heap after GC invocations=1 (full 0):
 garbage-first heap   total 262144K, used 6649K [0x00000006c0000000, 0x00000007c0000000)
  region size 1024K, 3 young (3072K), 3 survivors (3072K)
 Metaspace       used 10543K, capacity 10717K, committed 10880K, reserved 1058816K
  class space    used 976K, capacity 1047K, committed 1152K, reserved 1048576K
}
Event: 0.373 GC heap before
{Heap before GC invocations=1 (full 0):
 garbage-first heap   total 262144K, used 27129K [0x00000006c0000000, 0x00000007c0000000)
  region size 1024K, 24 young (24576K), 3 survivors (3072K)
 Metaspace       used 14257K, capacity 14495K, committed 14720K, reserved 1062912K
  class space    used 1447K, capacity 1539K, committed 1664K, reserved 1048576K
}
Event: 0.375 GC heap after
{Heap after GC invocations=2 (full 0):
 garbage-first heap   total 262144K, used 7780K [0x00000006c0000000, 0x00000007c0000000)
  region size 1024K, 1 young (1024K), 1 survivors (1024K)
 Metaspace       used 14257K, capacity 14495K, committed 14720K, reserved 1062912K
  class space    used 1447K, capacity 1539K, committed 1664K, reserved 1048576K
}
Event: 0.546 GC heap before
{Heap before GC invocations=2 (full 0):
 garbage-first heap   total 262144K, used 36452K [0x00000006c0000000, 0x00000007c0000000)
  region size 1024K, 28 young (28672K), 1 survivors (1024K)
 Metaspace       used 20650K, capacity 21048K, committed 21248K, reserved 1069056K
  class space    used 2146K, capacity 2302K, committed 2304K, reserved 1048576K
}
Event: 0.549 GC heap after
{Heap after GC invocations=3 (full 0):
 garbage-first heap   total 262144K, used 9492K [0x00000006c0000000, 0x00000007c0000000)
  region size 1024K, 3 young (3072K), 3 survivors (3072K)
 Metaspace       used 20650K, capacity 21048K, committed 21248K, reserved 1069056K
  class space    used 2146K, capacity 2302K, committed 2304K, reserved 1048576K
}
Event: 0.749 GC heap before
{Heap before GC invocations=4 (full 0):
 garbage-first heap   total 262144K, used 50452K [0x00000006c0000000, 0x00000007c0000000)
  region size 1024K, 44 young (45056K), 3 survivors (3072K)
 Metaspace       used 25909K, capacity 26359K, committed 26624K, reserved 1073152K
  class space    used 2817K, capacity 3023K, committed 3072K, reserved 1048576K
}
Event: 0.752 GC heap after
{Heap after GC invocations=5 (full 0):
 garbage-first heap   total 262144K, used 11902K [0x00000006c0000000, 0x00000007c0000000)
  region size 1024K, 5 young (5120K), 5 survivors (5120K)
 Metaspace       used 25909K, capacity 26359K, committed 26624K, reserved 1073152K
  class space    used 2817K, capacity 3023K, committed 3072K, reserved 1048576K
}
Event: 1.020 GC heap before
{Heap before GC invocations=5 (full 0):
 garbage-first heap   total 262144K, used 65150K [0x00000006c0000000, 0x00000007c0000000)
  region size 1024K, 59 young (60416K), 5 survivors (5120K)
 Metaspace       used 34895K, capacity 35475K, committed 35584K, reserved 1081344K
  class space    used 3844K, capacity 4074K, committed 4096K, reserved 1048576K
}
Event: 1.026 GC heap after
{Heap after GC invocations=6 (full 0):
 garbage-first heap   total 315392K, used 15573K [0x00000006c0000000, 0x00000007c0000000)
  region size 1024K, 9 young (9216K), 9 survivors (9216K)
 Metaspace       used 34895K, capacity 35475K, committed 35584K, reserved 1081344K
  class space    used 3844K, capacity 4074K, committed 4096K, reserved 1048576K
}

